c:\users\kiran\desktop\techplayers-master\techplayers-master\win32\debug\vc140.pdb
c:\users\kiran\desktop\techplayers-master\techplayers-master\win32\debug\vc140.idb
c:\users\kiran\desktop\techplayers-master\techplayers-master\win32\debug\lang_pawn.obj
c:\users\kiran\desktop\techplayers-master\techplayers-master\win32\debug\logger.obj
c:\users\kiran\desktop\techplayers-master\techplayers-master\win32\debug\logmask.obj
c:\users\kiran\desktop\techplayers-master\techplayers-master\win32\debug\md5.obj
c:\users\kiran\desktop\techplayers-master\techplayers-master\win32\debug\newlines.obj
c:\users\kiran\desktop\techplayers-master\techplayers-master\win32\debug\options.obj
c:\users\kiran\desktop\techplayers-master\techplayers-master\win32\debug\output.obj
c:\users\kiran\desktop\techplayers-master\techplayers-master\win32\debug\parens.obj
c:\users\kiran\desktop\techplayers-master\techplayers-master\win32\debug\parse_frame.obj
c:\users\kiran\desktop\techplayers-master\techplayers-master\win32\debug\punctuators.obj
c:\users\kiran\desktop\techplayers-master\techplayers-master\win32\debug\semicolons.obj
c:\users\kiran\desktop\techplayers-master\techplayers-master\win32\debug\sorting.obj
c:\users\kiran\desktop\techplayers-master\techplayers-master\win32\debug\space.obj
c:\users\kiran\desktop\techplayers-master\techplayers-master\win32\debug\tokenize.obj
c:\users\kiran\desktop\techplayers-master\techplayers-master\win32\debug\tokenize_cleanup.obj
c:\users\kiran\desktop\techplayers-master\techplayers-master\win32\debug\techplayers.obj
c:\users\kiran\desktop\techplayers-master\techplayers-master\win32\debug\unc_text.obj
c:\users\kiran\desktop\techplayers-master\techplayers-master\win32\debug\unicode.obj
c:\users\kiran\desktop\techplayers-master\techplayers-master\win32\debug\universalindentgui.obj
c:\users\kiran\desktop\techplayers-master\techplayers-master\win32\debug\width.obj
c:\users\kiran\desktop\techplayers-master\techplayers-master\win32\debug\align.obj
c:\users\kiran\desktop\techplayers-master\techplayers-master\win32\debug\align_stack.obj
c:\users\kiran\desktop\techplayers-master\techplayers-master\win32\debug\args.obj
c:\users\kiran\desktop\techplayers-master\techplayers-master\win32\debug\backup.obj
c:\users\kiran\desktop\techplayers-master\techplayers-master\win32\debug\brace_cleanup.obj
c:\users\kiran\desktop\techplayers-master\techplayers-master\win32\debug\braces.obj
c:\users\kiran\desktop\techplayers-master\techplayers-master\win32\debug\chunk_list.obj
c:\users\kiran\desktop\techplayers-master\techplayers-master\win32\debug\chunkstack.obj
c:\users\kiran\desktop\techplayers-master\techplayers-master\win32\debug\combine.obj
c:\users\kiran\desktop\techplayers-master\techplayers-master\win32\debug\compat_win32.obj
c:\users\kiran\desktop\techplayers-master\techplayers-master\win32\debug\defines.obj
c:\users\kiran\desktop\techplayers-master\techplayers-master\win32\debug\detect.obj
c:\users\kiran\desktop\techplayers-master\techplayers-master\win32\debug\indent.obj
c:\users\kiran\desktop\techplayers-master\techplayers-master\win32\debug\keywords.obj
c:\users\kiran\desktop\techplayers-master\techplayers-master\win32\debug\techplayers.ilk
c:\users\kiran\desktop\techplayers-master\techplayers-master\win32\debug\techplayers.exe
c:\users\kiran\desktop\techplayers-master\techplayers-master\win32\debug\techplayers.pdb
c:\users\kiran\desktop\newfolder\win32\debug\align.obj
c:\users\kiran\desktop\newfolder\win32\debug\align_stack.obj
c:\users\kiran\desktop\newfolder\win32\debug\args.obj
c:\users\kiran\desktop\newfolder\win32\debug\backup.obj
c:\users\kiran\desktop\newfolder\win32\debug\braces.obj
c:\users\kiran\desktop\newfolder\win32\debug\brace_cleanup.obj
c:\users\kiran\desktop\newfolder\win32\debug\chunkstack.obj
c:\users\kiran\desktop\newfolder\win32\debug\chunk_list.obj
c:\users\kiran\desktop\newfolder\win32\debug\combine.obj
c:\users\kiran\desktop\newfolder\win32\debug\compat_win32.obj
c:\users\kiran\desktop\newfolder\win32\debug\defines.obj
c:\users\kiran\desktop\newfolder\win32\debug\detect.obj
c:\users\kiran\desktop\newfolder\win32\debug\indent.obj
c:\users\kiran\desktop\newfolder\win32\debug\keywords.obj
c:\users\kiran\desktop\newfolder\win32\debug\lang_pawn.obj
c:\users\kiran\desktop\newfolder\win32\debug\logger.obj
c:\users\kiran\desktop\newfolder\win32\debug\logmask.obj
c:\users\kiran\desktop\newfolder\win32\debug\md5.obj
c:\users\kiran\desktop\newfolder\win32\debug\newlines.obj
c:\users\kiran\desktop\newfolder\win32\debug\options.obj
c:\users\kiran\desktop\newfolder\win32\debug\output.obj
c:\users\kiran\desktop\newfolder\win32\debug\parens.obj
c:\users\kiran\desktop\newfolder\win32\debug\parse_frame.obj
c:\users\kiran\desktop\newfolder\win32\debug\punctuators.obj
c:\users\kiran\desktop\newfolder\win32\debug\semicolons.obj
c:\users\kiran\desktop\newfolder\win32\debug\sorting.obj
c:\users\kiran\desktop\newfolder\win32\debug\space.obj
c:\users\kiran\desktop\newfolder\win32\debug\techplayers.obj
c:\users\kiran\desktop\newfolder\win32\debug\tokenize.obj
c:\users\kiran\desktop\newfolder\win32\debug\tokenize_cleanup.obj
c:\users\kiran\desktop\newfolder\win32\debug\unc_text.obj
c:\users\kiran\desktop\newfolder\win32\debug\unicode.obj
c:\users\kiran\desktop\newfolder\win32\debug\universalindentgui.obj
c:\users\kiran\desktop\newfolder\win32\debug\width.obj
c:\users\kiran\desktop\newfolder\win32\debug\techplayers.ilk
c:\users\kiran\desktop\newfolder\win32\debug\vc140.idb
c:\users\kiran\desktop\newfolder\win32\debug\techplayers.pdb
c:\users\kiran\desktop\newfolder\win32\debug\vc140.pdb
c:\users\kiran\desktop\newfolder\win32\.\debug\techplayers.exe
c:\users\kiran\desktop\newfolder\win32\debug\techplayers.tlog\cl.command.1.tlog
c:\users\kiran\desktop\newfolder\win32\debug\techplayers.tlog\cl.read.1.tlog
c:\users\kiran\desktop\newfolder\win32\debug\techplayers.tlog\cl.write.1.tlog
c:\users\kiran\desktop\newfolder\win32\debug\techplayers.tlog\link.command.1.tlog
c:\users\kiran\desktop\newfolder\win32\debug\techplayers.tlog\link.read.1.tlog
c:\users\kiran\desktop\newfolder\win32\debug\techplayers.tlog\link.write.1.tlog
