Build started 29-07-2015 23:30:35.
     1>Project "C:\Users\kiran\Desktop\NewFolder\win32\TechPlayers_Win32_2010.vcxproj" on node 2 (Rebuild target(s)).
     1>C:\Program Files\MSBuild\Microsoft.Cpp\v4.0\V140\Microsoft.CppBuild.targets(392,5): warning MSB8028: The intermediate directory (.\Debug\) contains files shared from another project (Uncrustify.vcxproj).  This can lead to incorrect clean and rebuild behavior.
     1>ClCompile:
         C:\Program Files\Microsoft Visual Studio 14.0\VC\bin\CL.exe /c /I.\ /I.\win32\ /I..\src\ /ZI /nologo /W3 /WX- /Od /Oy- /D WIN32 /D _DEBUG /D _CONSOLE /D _CRT_SECURE_NO_WARNINGS /D _VC80_UPGRADE=0x0600 /D _MBCS /GF /Gm /EHsc /RTC1 /MTd /GS /fp:precise /Zc:wchar_t /Zc:forScope /Zc:inline /Fo".\Debug\\" /Fd".\Debug/vc140.pdb" /Gd /TP /wd4996 /analyze- /errorReport:prompt ..\src\align.cpp ..\src\align_stack.cpp ..\src\args.cpp ..\src\backup.cpp ..\src\brace_cleanup.cpp ..\src\braces.cpp ..\src\chunk_list.cpp ..\src\ChunkStack.cpp ..\src\combine.cpp ..\src\compat_win32.cpp ..\src\defines.cpp ..\src\detect.cpp ..\src\indent.cpp ..\src\keywords.cpp ..\src\lang_pawn.cpp ..\src\logger.cpp ..\src\logmask.cpp ..\src\md5.cpp ..\src\newlines.cpp ..\src\options.cpp ..\src\output.cpp ..\src\parens.cpp ..\src\parse_frame.cpp ..\src\punctuators.cpp ..\src\semicolons.cpp ..\src\sorting.cpp ..\src\space.cpp ..\src\tokenize.cpp ..\src\tokenize_cleanup.cpp ..\src\TechPlayers.cpp ..\src\unc_text.cpp ..\src\unicode.cpp ..\src\universalindentgui.cpp ..\src\width.cpp
         width.cpp
         universalindentgui.cpp
         unicode.cpp
         unc_text.cpp
         TechPlayers.cpp
         tokenize_cleanup.cpp
         tokenize.cpp
         space.cpp
         sorting.cpp
         semicolons.cpp
         punctuators.cpp
         parse_frame.cpp
         parens.cpp
         output.cpp
         options.cpp
         newlines.cpp
         md5.cpp
         logmask.cpp
         logger.cpp
         lang_pawn.cpp
         Generating Code...
         Compiling...
         keywords.cpp
         indent.cpp
     1>c:\users\kiran\desktop\newfolder\src\indent.cpp(962): warning C4800: 'UINT64': forcing value to bool 'true' or 'false' (performance warning)
         detect.cpp
         defines.cpp
         compat_win32.cpp
         combine.cpp
     1>c:\users\kiran\desktop\newfolder\src\combine.cpp(1116): warning C4800: 'int': forcing value to bool 'true' or 'false' (performance warning)
         ChunkStack.cpp
         chunk_list.cpp
         braces.cpp
         brace_cleanup.cpp
         backup.cpp
         args.cpp
         align_stack.cpp
         align.cpp
         Generating Code...
       Link:
         C:\Program Files\Microsoft Visual Studio 14.0\VC\bin\link.exe /ERRORREPORT:PROMPT /OUT:"Debug/TechPlayers.exe" /INCREMENTAL /NOLOGO setargv.obj kernel32.lib user32.lib gdi32.lib winspool.lib comdlg32.lib advapi32.lib shell32.lib ole32.lib oleaut32.lib uuid.lib odbc32.lib odbccp32.lib kernel32.lib user32.lib gdi32.lib winspool.lib comdlg32.lib advapi32.lib shell32.lib ole32.lib oleaut32.lib uuid.lib odbc32.lib odbccp32.lib /MANIFEST /MANIFESTUAC:"level='asInvoker' uiAccess='false'" /manifest:embed /Debug /PDB:".\Debug/TechPlayers.pdb" /SUBSYSTEM:CONSOLE /TLBID:1 /DYNAMICBASE /IMPLIB:".\Debug\TechPlayers.lib" /MACHINE:X86 /SAFESEH .\Debug\align.obj
         .\Debug\align_stack.obj
         .\Debug\args.obj
         .\Debug\backup.obj
         .\Debug\brace_cleanup.obj
         .\Debug\braces.obj
         .\Debug\chunk_list.obj
         .\Debug\ChunkStack.obj
         .\Debug\combine.obj
         .\Debug\compat_win32.obj
         .\Debug\defines.obj
         .\Debug\detect.obj
         .\Debug\indent.obj
         .\Debug\keywords.obj
         .\Debug\lang_pawn.obj
         .\Debug\logger.obj
         .\Debug\logmask.obj
         .\Debug\md5.obj
         .\Debug\newlines.obj
         .\Debug\options.obj
         .\Debug\output.obj
         .\Debug\parens.obj
         .\Debug\parse_frame.obj
         .\Debug\punctuators.obj
         .\Debug\semicolons.obj
         .\Debug\sorting.obj
         .\Debug\space.obj
         .\Debug\tokenize.obj
         .\Debug\tokenize_cleanup.obj
         .\Debug\TechPlayers.obj
         .\Debug\unc_text.obj
         .\Debug\unicode.obj
         .\Debug\universalindentgui.obj
         .\Debug\width.obj
     1>align.obj : warning LNK4075: ignoring '/EDITANDCONTINUE' due to '/SAFESEH' specification
         TechPlayers_Win32_2010.vcxproj -> C:\Users\kiran\Desktop\NewFolder\win32\.\Debug\TechPlayers.exe
     1>Done Building Project "C:\Users\kiran\Desktop\NewFolder\win32\TechPlayers_Win32_2010.vcxproj" (Rebuild target(s)).

Build succeeded.

Time Elapsed 00:00:43.92
